<?xml version="1.0" encoding="UTF-8"?>
<!-- Generated by org.testng.reporters.JUnitReportReporter -->
<testsuite skipped="0" hostname="Phillips-MacBook-Pro.local" name="tests.TestRitchieBros" tests="1" failures="0" timestamp="14 Apr 2019 23:29:25 GMT" time="7.546" errors="0">
  <testcase name="verifyFirstResult" time="7.546" classname="tests.TestRitchieBros"/>
</testsuite> <!-- tests.TestRitchieBros -->
